<?xml version="1.0" encoding="UTF-8"?>
<testsuite xmlns:xsi="http://www.w3.org/2001/XMLSchema-instance" xsi:noNamespaceSchemaLocation="https://maven.apache.org/surefire/maven-surefire-plugin/xsd/surefire-test-report.xsd" version="3.0.2" name="tn.esprit.growthnestback.GrowthNestBackApplicationTests" time="7.48" tests="1" errors="0" skipped="0" failures="0">
  <properties>
[...]
</properties>
  <testcase name="contextLoads" classname="tn.esprit.growthnestback.GrowthNestBackApplicationTests" time="0.43">
    <system-out><![CDATA[20:49:30.825 [main] INFO org.springframework.test.context.support.AnnotationConfigContextLoaderUtils -- Could not detect default configuration classes for test class [tn.esprit.growthnestback.GrowthNestBackApplicationTests]: GrowthNestBackApplicationTests does not declare any static, non-private, non-final, nested classes annotated with @Configuration.
20:49:30.946 [main] INFO org.springframework.boot.test.context.SpringBootTestContextBootstrapper -- Found @SpringBootConfiguration tn.esprit.growthnestback.GrowthNestBackApplication for test class tn.esprit.growthnestback.GrowthNestBackApplicationTests

  .   ____          _            __ _ _
 /\\ / ___'_ __ _ _(_)_ __  __ _ \ \ \ \
( ( )\___ | '_ | '_| | '_ \/ _` | \ \ \ \
 \\/  ___)| |_)| | | | | || (_| |  ) ) ) )
  '  |____| .__|_| |_|_| |_\__, | / / / /
 =========|_|==============|___/=/_/_/_/

 :: Spring Boot ::                (v3.4.3)

2025-04-03T20:49:31.341+01:00  INFO 14052 --- [GrowthNestBack] [           main] t.e.g.GrowthNestBackApplicationTests     : Starting GrowthNestBackApplicationTests using Java 21.0.2 with PID 14052 (started by yasmine in D:\GrowthNest\GrowthNest\Backend)
2025-04-03T20:49:31.342+01:00  INFO 14052 --- [GrowthNestBack] [           main] t.e.g.GrowthNestBackApplicationTests     : No active profile set, falling back to 1 default profile: "default"
2025-04-03T20:49:32.708+01:00  INFO 14052 --- [GrowthNestBack] [           main] .s.d.r.c.RepositoryConfigurationDelegate : Bootstrapping Spring Data JPA repositories in DEFAULT mode.
2025-04-03T20:49:32.798+01:00  INFO 14052 --- [GrowthNestBack] [           main] .s.d.r.c.RepositoryConfigurationDelegate : Finished Spring Data repository scanning in 81 ms. Found 7 JPA repository interfaces.
2025-04-03T20:49:33.562+01:00  INFO 14052 --- [GrowthNestBack] [           main] o.hibernate.jpa.internal.util.LogHelper  : HHH000204: Processing PersistenceUnitInfo [name: default]
2025-04-03T20:49:33.625+01:00  INFO 14052 --- [GrowthNestBack] [           main] org.hibernate.Version                    : HHH000412: Hibernate ORM core version 6.6.8.Final
2025-04-03T20:49:33.666+01:00  INFO 14052 --- [GrowthNestBack] [           main] o.h.c.internal.RegionFactoryInitiator    : HHH000026: Second-level cache disabled
2025-04-03T20:49:33.989+01:00  INFO 14052 --- [GrowthNestBack] [           main] o.s.o.j.p.SpringPersistenceUnitInfo      : No LoadTimeWeaver setup: ignoring JPA class transformer
2025-04-03T20:49:34.022+01:00  INFO 14052 --- [GrowthNestBack] [           main] com.zaxxer.hikari.HikariDataSource       : HikariPool-1 - Starting...
2025-04-03T20:49:34.202+01:00  INFO 14052 --- [GrowthNestBack] [           main] com.zaxxer.hikari.pool.HikariPool        : HikariPool-1 - Added connection com.mysql.cj.jdbc.ConnectionImpl@1b465fa9
2025-04-03T20:49:34.205+01:00  INFO 14052 --- [GrowthNestBack] [           main] com.zaxxer.hikari.HikariDataSource       : HikariPool-1 - Start completed.
2025-04-03T20:49:34.276+01:00  WARN 14052 --- [GrowthNestBack] [           main] org.hibernate.dialect.Dialect            : HHH000511: The 5.5.5 version for [org.hibernate.dialect.MySQLDialect] is no longer supported, hence certain features may not work properly. The minimum supported version is 8.0.0. Check the community dialects project for available legacy versions.
2025-04-03T20:49:34.303+01:00  INFO 14052 --- [GrowthNestBack] [           main] org.hibernate.orm.connections.pooling    : HHH10001005: Database info:
	Database JDBC URL [Connecting through datasource 'HikariDataSource (HikariPool-1)']
	Database driver: undefined/unknown
	Database version: 5.5.5
	Autocommit mode: undefined/unknown
	Isolation level: undefined/unknown
	Minimum pool size: undefined/unknown
	Maximum pool size: undefined/unknown
2025-04-03T20:49:35.402+01:00  INFO 14052 --- [GrowthNestBack] [           main] o.h.e.t.j.p.i.JtaPlatformInitiator       : HHH000489: No JTA platform available (set 'hibernate.transaction.jta.platform' to enable JTA platform integration)
2025-04-03T20:49:35.512+01:00  INFO 14052 --- [GrowthNestBack] [           main] j.LocalContainerEntityManagerFactoryBean : Initialized JPA EntityManagerFactory for persistence unit 'default'
2025-04-03T20:49:35.936+01:00  INFO 14052 --- [GrowthNestBack] [           main] eAuthenticationProviderManagerConfigurer : Global AuthenticationManager configured with AuthenticationProvider bean with name authenticationProvider
2025-04-03T20:49:35.936+01:00  WARN 14052 --- [GrowthNestBack] [           main] r$InitializeUserDetailsManagerConfigurer : Global AuthenticationManager configured with an AuthenticationProvider bean. UserDetailsService beans will not be used by Spring Security for automatically configuring username/password login. Consider removing the AuthenticationProvider bean. Alternatively, consider using the UserDetailsService in a manually instantiated DaoAuthenticationProvider. If the current configuration is intentional, to turn off this warning, increase the logging level of 'org.springframework.security.config.annotation.authentication.configuration.InitializeUserDetailsBeanManagerConfigurer' to ERROR
2025-04-03T20:49:36.091+01:00  INFO 14052 --- [GrowthNestBack] [           main] o.s.d.j.r.query.QueryEnhancerFactory     : Hibernate is in classpath; If applicable, HQL parser will be used.
2025-04-03T20:49:36.784+01:00  WARN 14052 --- [GrowthNestBack] [           main] JpaBaseConfiguration$JpaWebConfiguration : spring.jpa.open-in-view is enabled by default. Therefore, database queries may be performed during view rendering. Explicitly configure spring.jpa.open-in-view to disable this warning
2025-04-03T20:49:37.199+01:00 DEBUG 14052 --- [GrowthNestBack] [           main] o.s.s.web.DefaultSecurityFilterChain     : Will secure any request with filters: DisableEncodeUrlFilter, WebAsyncManagerIntegrationFilter, SecurityContextHolderFilter, HeaderWriterFilter, CorsFilter, LogoutFilter, JwtFilter, RequestCacheAwareFilter, SecurityContextHolderAwareRequestFilter, AnonymousAuthenticationFilter, SessionManagementFilter, ExceptionTranslationFilter, AuthorizationFilter
2025-04-03T20:49:37.693+01:00  INFO 14052 --- [GrowthNestBack] [           main] t.e.g.GrowthNestBackApplicationTests     : Started GrowthNestBackApplicationTests in 6.607 seconds (process running for 7.807)
]]></system-out>
    <system-err><![CDATA[Mockito is currently self-attaching to enable the inline-mock-maker. This will no longer work in future releases of the JDK. Please add Mockito as an agent to your build what is described in Mockito's documentation: https://javadoc.io/doc/org.mockito/mockito-core/latest/org/mockito/Mockito.html#0.3
WARNING: A Java agent has been loaded dynamically (C:\Users\yasmi\.m2\repository\net\bytebuddy\byte-buddy-agent\1.15.11\byte-buddy-agent-1.15.11.jar)
WARNING: If a serviceability tool is in use, please run with -XX:+EnableDynamicAgentLoading to hide this warning
WARNING: If a serviceability tool is not in use, please run with -Djdk.instrument.traceUsage for more information
WARNING: Dynamic loading of agents will be disallowed by default in a future release
]]></system-err>
  </testcase>
</testsuite>